[2024-05-22 09:36:56] Executing bootstrap tasks
[2024-05-22 09:36:56] OpenJDK Runtime Environment 17.0.10+7
[2024-05-22 09:36:56] Product org.eclipse.products.epp.package.java.2024-03
[2024-05-22 09:36:56] Bundle org.eclipse.oomph.setup 1.28.0.v20231119-1528, build=468, branch=a85e87d0e90de82218812f7820eaf93a6a75d7c2
[2024-05-22 09:36:56] Bundle org.eclipse.oomph.setup.core 1.30.0.v20240211-0940, build=468, branch=a85e87d0e90de82218812f7820eaf93a6a75d7c2
[2024-05-22 09:36:56] Bundle org.eclipse.oomph.setup.p2 1.20.0.v20230617-1322, build=468, branch=a85e87d0e90de82218812f7820eaf93a6a75d7c2
[2024-05-22 09:36:56] Performing P2 Director (Eclipse IDE for Java Developers (2024-03))
[2024-05-22 09:36:56] Offline = false
[2024-05-22 09:36:56] Mirrors = true
[2024-05-22 09:36:56] Resolving 27 requirements from 3 repositories to /home/rubix/Desktop/Akshobh/programming/Java/Eclipse/eclipse
[2024-05-22 09:36:56] Requirement org.eclipse.equinox.p2.iu:epp.package.java [4.31.0,5.0.0) (filter=(|(&(osgi.arch=aarch64)(osgi.os=linux)(osgi.ws=gtk))(&(osgi.arch=aarch64)(osgi.os=macosx)(osgi.ws=cocoa))(&(osgi.arch=x86_64)(osgi.os=linux)(osgi.ws=gtk))(&(osgi.arch=x86_64)(osgi.os=macosx)(osgi.ws=cocoa))(&(osgi.arch=x86_64)(osgi.os=win32)(osgi.ws=win32))))
[2024-05-22 09:36:56] Requirement org.eclipse.equinox.p2.iu:org.eclipse.platform.feature.group [4.31.0,5.0.0)
[2024-05-22 09:36:56] Requirement org.eclipse.equinox.p2.iu:org.eclipse.rcp.feature.group [4.31.0,5.0.0)
[2024-05-22 09:36:56] Requirement org.eclipse.equinox.p2.iu:org.eclipse.buildship.feature.group
[2024-05-22 09:36:56] Requirement org.eclipse.equinox.p2.iu:org.eclipse.eclemma.feature.feature.group
[2024-05-22 09:36:56] Requirement org.eclipse.equinox.p2.iu:org.eclipse.egit.feature.group
[2024-05-22 09:36:56] Requirement org.eclipse.equinox.p2.iu:org.eclipse.epp.mpc.feature.group
[2024-05-22 09:36:56] Requirement org.eclipse.equinox.p2.iu:org.eclipse.jdt.bcoview.feature.feature.group
[2024-05-22 09:36:56] Requirement org.eclipse.equinox.p2.iu:org.eclipse.jdt.feature.group
[2024-05-22 09:36:56] Requirement org.eclipse.equinox.p2.iu:org.eclipse.jgit.feature.group
[2024-05-22 09:36:56] Requirement org.eclipse.equinox.p2.iu:org.eclipse.m2e.feature.feature.group
[2024-05-22 09:36:56] Requirement org.eclipse.equinox.p2.iu:org.eclipse.m2e.lemminx.feature.feature.group
[2024-05-22 09:36:56] Requirement org.eclipse.equinox.p2.iu:org.eclipse.m2e.logback.feature.feature.group
[2024-05-22 09:36:56] Requirement org.eclipse.equinox.p2.iu:org.eclipse.mylyn.commons.activity.feature.feature.group
[2024-05-22 09:36:56] Requirement org.eclipse.equinox.p2.iu:org.eclipse.mylyn.egit.feature.feature.group
[2024-05-22 09:36:56] Requirement org.eclipse.equinox.p2.iu:org.eclipse.mylyn.git.feature.feature.group
[2024-05-22 09:36:56] Requirement org.eclipse.equinox.p2.iu:org.eclipse.mylyn.github.feature.feature.group
[2024-05-22 09:36:56] Requirement org.eclipse.equinox.p2.iu:org.eclipse.mylyn.ide.feature.feature.group
[2024-05-22 09:36:56] Requirement org.eclipse.equinox.p2.iu:org.eclipse.mylyn.jdt.feature.feature.group
[2024-05-22 09:36:56] Requirement org.eclipse.equinox.p2.iu:org.eclipse.mylyn.jenkins.feature.feature.group
[2024-05-22 09:36:56] Requirement org.eclipse.equinox.p2.iu:org.eclipse.mylyn.reviews.feature.feature.group
[2024-05-22 09:36:56] Requirement org.eclipse.equinox.p2.iu:org.eclipse.mylyn.wikitext.feature.feature.group
[2024-05-22 09:36:56] Requirement org.eclipse.equinox.p2.iu:org.eclipse.tips.feature.feature.group
[2024-05-22 09:36:56] Requirement org.eclipse.equinox.p2.iu:org.eclipse.tm.terminal.feature.feature.group
[2024-05-22 09:36:56] Requirement org.eclipse.equinox.p2.iu:org.eclipse.wildwebdeveloper.xml.feature.feature.group
[2024-05-22 09:36:56] Requirement org.eclipse.equinox.p2.iu:org.eclipse.mylyn.wikitext_feature.feature.group (min=0) (max=0) (greedy)
[2024-05-22 09:36:56] Requirement org.eclipse.equinox.p2.iu:org.eclipse.oomph.setup.feature.group
[2024-05-22 09:36:56] Repository https://download.eclipse.org/technology/epp/packages/2024-03/202403071200
[2024-05-22 09:36:56] Repository https://download.eclipse.org/releases/2024-03/202403131000
[2024-05-22 09:36:56] Repository https://download.eclipse.org/oomph/updates/milestone/latest
[2024-05-22 09:37:06] Calculating requirements and dependencies.
[2024-05-22 09:37:07] Computing prerequisite plan
[2024-05-22 09:37:10] Fetching artifacts.jar from https://download.eclipse.org/technology/epp/packages/2024-03/202403071200/ (13.11kB)
[2024-05-22 09:37:13] Fetching artifacts.xml.xz from https://download.eclipse.org/releases/2024-03/202403131000/ (956.79kB)
[2024-05-22 09:37:14] Fetching artifacts.xml.xz from https://download.eclipse.org/releases/2024-03/202403131000/
[2024-05-22 09:37:20] Fetching compositeArtifacts.jar from https://download.eclipse.org/oomph/updates/milestone/latest/ (444B)
[2024-05-22 09:37:22] Fetching artifacts.xml.xz from https://download.eclipse.org/oomph/drops/milestone/S20240521-152932-1.33.0-M3/ (44.31kB)
[2024-05-22 09:37:23] Collecting 556 artifacts from https://download.eclipse.org/releases/2024-03/202403131000
[2024-05-22 09:37:25] Fetching org.eclipse.mylyn.wikitext.markdown.ui_4.2.0.v20240130-0811.jar from https://eclipse.mirror.liteserver.nl/releases/2024-03/202403131000/plugins/ (11.89kB)
[2024-05-22 09:37:25] Fetching org.eclipse.platform_root_4.31.0.v20240229-1022 from https://ftp.fau.de/eclipse/releases/2024-03/202403131000/binary/ (196B)
[2024-05-22 09:37:25] Fetching jakarta.inject.jakarta.inject-api_1.0.5.jar from https://mirror.leitecastro.com/eclipse/releases/2024-03/202403131000/plugins/ (10.61kB)
[2024-05-22 09:37:26] Fetching com.google.guava.failureaccess_1.0.2.jar from https://mirror.dogado.de/eclipse/releases/2024-03/202403131000/plugins/ (4.63kB)
[2024-05-22 09:37:26] Fetching org.eclipse.mylyn.wikitext.twiki.ui_4.2.0.v20240202-1906.jar from https://ftp.snt.utwente.nl/pub/software/eclipse/releases/2024-03/202403131000/plugins/ (12.18kB)
[2024-05-22 09:37:26] Fetching org.hamcrest.core_2.2.0.v20230809-1000.jar from https://eclipse.mirror.garr.it/releases/2024-03/202403131000/plugins/ (9.19kB)
[2024-05-22 09:37:26] Fetching org.eclipse.rcp_4.31.0.v20240229-0520.jar from https://eclipse.mirror.liteserver.nl/releases/2024-03/202403131000/plugins/ (12.92kB)
[2024-05-22 09:37:26] Fetching org.eclipse.e4.core.di.extensions_0.18.200.v20231220-1554.jar from https://eclipse.mirror.liteserver.nl/releases/2024-03/202403131000/plugins/ (12.95kB)
[2024-05-22 09:37:26] Fetching org.eclipse.mylyn.wikitext.asciidoc.ui_4.2.0.v20240130-0811.jar from https://mirrors.dotsrc.org/eclipse//releases/2024-03/202403131000/plugins/ (12.32kB)
[2024-05-22 09:37:26] Fetching org.eclipse.equinox.http.service.api_1.2.2.v20231218-2126.jar from https://eclipse.mirror.liteserver.nl/releases/2024-03/202403131000/plugins/ (13.09kB)
[2024-05-22 09:37:26] Fetching org.eclipse.e4.ui.swt.gtk_1.2.100.v20231030-2045.jar from https://download.eclipse.org/releases/2024-03/202403131000/plugins/ (12.61kB)
[2024-05-22 09:37:26] Fetching org.eclipse.ecf.provider.filetransfer.ssl_1.1.0.v20230422-0242.jar from https://mirror.dkm.cz/eclipse/releases/2024-03/202403131000/plugins/ (11.58kB)
[2024-05-22 09:37:26] Fetching org.eclipse.mylyn.wikitext.tracwiki.ui_4.2.0.v20240202-1906.jar from https://ftp.halifax.rwth-aachen.de/eclipse/releases/2024-03/202403131000/plugins/ (12.32kB)
[2024-05-22 09:37:26] Fetching org.eclipse.core.filesystem.linux.x86_64_1.2.400.v20220812-1420.jar from https://eclipse.mirror.liteserver.nl/releases/2024-03/202403131000/plugins/ (13.13kB)
[2024-05-22 09:37:26] Fetching org.eclipse.egit_6.9.0.202403050737-r.jar from https://eclipse.mirror.liteserver.nl/releases/2024-03/202403131000/plugins/ (13.17kB)
[2024-05-22 09:37:26] Fetching jakarta.inject.jakarta.inject-api_2.0.1.jar from https://mirror.tspu.ru/eclipse/releases/2024-03/202403131000/plugins/ (10.43kB)
[2024-05-22 09:37:26] Fetching org.apiguardian.api_1.1.2.jar from https://ftp.acc.umu.se/mirror/eclipse.org/releases/2024-03/202403131000/plugins/ (6.65kB)
[2024-05-22 09:37:26] Fetching org.eclipse.e4.ui.ide_3.17.200.v20231201-1637.jar from https://eclipse.mirror.liteserver.nl/releases/2024-03/202403131000/plugins/ (13.28kB)
[2024-05-22 09:37:26] Fetching org.eclipse.mylyn.wikitext.mediawiki.ui_4.2.0.v20240202-1906.jar from https://eclipse.mirror.liteserver.nl/releases/2024-03/202403131000/plugins/ (13.34kB)
[2024-05-22 09:37:27] Fetching org.osgi.service.provisioning_1.2.0.201505202024.jar from https://eclipse.mirror.liteserver.nl/releases/2024-03/202403131000/plugins/ (13.38kB)
[2024-05-22 09:37:27] Fetching org.eclipse.mylyn.wikitext.confluence.ui_4.2.0.v20240202-1906.jar from https://eclipse.mirror.liteserver.nl/releases/2024-03/202403131000/plugins/ (13.6kB)
[2024-05-22 09:37:27] Fetching org.osgi.util.position_1.0.1.201505202026.jar from https://eclipse.mirror.liteserver.nl/releases/2024-03/202403131000/plugins/ (13.73kB)
[2024-05-22 09:37:27] Fetching org.opentest4j_1.3.0.jar from https://eclipse.mirror.liteserver.nl/releases/2024-03/202403131000/plugins/ (13.97kB)
[2024-05-22 09:37:27] Fetching org.eclipse.osgi.util_3.7.300.v20231104-1118.jar from https://eclipse.mirror.liteserver.nl/releases/2024-03/202403131000/plugins/ (14.42kB)
[2024-05-22 09:37:27] Fetching org.eclipse.equinox.jsp.jasper.registry_1.3.0.v20240213-1427.jar from https://eclipse.mirror.liteserver.nl/releases/2024-03/202403131000/plugins/ (14.39kB)
[2024-05-22 09:37:27] Fetching org.eclipse.mylyn.wikitext.textile.ui_4.2.0.v20240202-1906.jar from https://eclipse.mirror.liteserver.nl/releases/2024-03/202403131000/plugins/ (14.17kB)
[2024-05-22 09:37:28] Fetching org.eclipse.cdt.core.linux_6.1.100.202402230238.jar from https://eclipse.mirror.liteserver.nl/releases/2024-03/202403131000/plugins/ (15.43kB)
[2024-05-22 09:37:28] Fetching org.eclipse.e4.core.di.annotations_1.8.300.v20231220-1554.jar from https://download.eclipse.org/releases/2024-03/202403131000/plugins/ (13.82kB)
[2024-05-22 09:37:28] Fetching org.eclipse.mylyn.wikitext.osgi_4.2.0.v20240221-1914.jar from https://eclipse.mirror.liteserver.nl/releases/2024-03/202403131000/plugins/ (15.46kB)
[2024-05-22 09:37:28] Fetching org.eclipse.m2e.workspace.cli_0.3.1.jar from https://eclipse.mirror.liteserver.nl/releases/2024-03/202403131000/plugins/ (15.56kB)
[2024-05-22 09:37:28] Fetching org.eclipse.mylyn.versions.ui_4.2.0.v20240208-0919.jar from https://eclipse.mirror.liteserver.nl/releases/2024-03/202403131000/plugins/ (15.44kB)
[2024-05-22 09:37:28] Fetching org.eclipse.mylyn.tasks.activity.ui_4.2.0.v20240131-0610.jar from https://eclipse.mirror.liteserver.nl/releases/2024-03/202403131000/plugins/ (15.77kB)
[2024-05-22 09:37:28] Fetching org.eclipse.mylyn.commons.notifications.core_4.2.0.v20240203-1124.jar from https://eclipse.mirror.liteserver.nl/releases/2024-03/202403131000/plugins/ (16.06kB)
[2024-05-22 09:37:28] Fetching org.eclipse.jgit_6.9.0.202403050737-r.jar from https://eclipse.mirror.liteserver.nl/releases/2024-03/202403131000/features/ (16.18kB)
[2024-05-22 09:37:28] Fetching junit-platform-runner_1.10.2.jar from https://eclipse.mirror.liteserver.nl/releases/2024-03/202403131000/plugins/ (16.19kB)
[2024-05-22 09:37:29] Fetching org.eclipse.jgit.http.apache_6.9.0.202403050737-r.jar from https://eclipse.mirror.liteserver.nl/releases/2024-03/202403131000/features/ (16.21kB)
[2024-05-22 09:37:29] Fetching org.eclipse.jgit.gpg.bc_6.9.0.202403050737-r.jar from https://eclipse.mirror.liteserver.nl/releases/2024-03/202403131000/features/ (16.2kB)
[2024-05-22 09:37:29] Fetching org.eclipse.jgit.ssh.apache_6.9.0.202403050737-r.jar from https://eclipse.mirror.liteserver.nl/releases/2024-03/202403131000/features/ (16.22kB)
[2024-05-22 09:37:29] Fetching org.eclipse.e4.ui.widgets_1.4.100.v20231201-1637.jar from https://download.eclipse.org/releases/2024-03/202403131000/plugins/ (15.11kB)
[2024-05-22 09:37:29] Fetching org.eclipse.core.net.linux_1.1.100.v20231214-1526.jar from https://eclipse.mirror.liteserver.nl/releases/2024-03/202403131000/plugins/ (16.39kB)
[2024-05-22 09:37:29] Fetching org.eclipse.jdt.core.formatterapp_1.2.200.v20231130-1111.jar from https://download.eclipse.org/releases/2024-03/202403131000/plugins/ (14.43kB)
[2024-05-22 09:37:29] Fetching org.eclipse.m2e.sourcelookup_2.0.301.20231030-1438.jar from https://download.eclipse.org/releases/2024-03/202403131000/plugins/ (15.31kB)
[2024-05-22 09:37:29] Fetching junit-platform-suite-commons_1.10.2.jar from https://eclipse.mirror.liteserver.nl/releases/2024-03/202403131000/plugins/ (16.92kB)
[2024-05-22 09:37:29] Fetching org.eclipse.buildship.branding_3.1.9.v20240115-1636.jar from https://eclipse.mirror.liteserver.nl/releases/2024-03/202403131000/plugins/ (17.43kB)
[2024-05-22 09:37:29] Fetching org.eclipse.team.genericeditor.diff.extension_1.2.300.v20231214-1012.jar from https://eclipse.mirror.liteserver.nl/releases/2024-03/202403131000/plugins/ (18.14kB)
[2024-05-22 09:37:29] Fetching org.eclipse.buildship.compat_3.1.9.v20240115-1636.jar from https://eclipse.mirror.liteserver.nl/releases/2024-03/202403131000/plugins/ (16.94kB)
[2024-05-22 09:37:30] Fetching org.apache.batik.constants_1.17.0.v20231215-1130.jar from https://mirrors.dotsrc.org/eclipse//releases/2024-03/202403131000/plugins/ (16.48kB)
[2024-05-22 09:37:30] Fetching org.eclipse.m2e.binaryproject.ui_2.0.200.20231030-1438.jar from https://eclipse.mirror.liteserver.nl/releases/2024-03/202403131000/plugins/ (18.89kB)
[2024-05-22 09:37:30] Fetching org.osgi.util.xml_1.0.2.202109301733.jar from https://eclipse.mirror.liteserver.nl/releases/2024-03/202403131000/plugins/ (18.3kB)
[2024-05-22 09:37:30] Fetching org.eclipse.jdt.annotation_1.2.100.v20240212-1051.jar from https://mirrors.dotsrc.org/eclipse//releases/2024-03/202403131000/plugins/ (16.9kB)
[2024-05-22 09:37:30] Fetching org.eclipse.swt_3.125.0.v20240227-1638.jar from https://eclipse.mirror.liteserver.nl/releases/2024-03/202403131000/plugins/ (18.42kB)
[2024-05-22 09:37:30] Fetching org.eclipse.ecf.ssl_1.3.0.v20230507-1921.jar from https://eclipse.mirror.liteserver.nl/releases/2024-03/202403131000/plugins/ (19.13kB)
[2024-05-22 09:37:30] Fetching org.eclipse.e4.ui.di_1.5.300.v20240116-1723.jar from https://mirrors.dotsrc.org/eclipse//releases/2024-03/202403131000/plugins/ (18.23kB)
[2024-05-22 09:37:30] Fetching org.eclipse.m2e.archetype.catalog_3.2.1.2.jar from https://eclipse.mirror.liteserver.nl/releases/2024-03/202403131000/plugins/ (19.15kB)
[2024-05-22 09:37:30] Fetching org.osgi.service.prefs_1.1.2.202109301733.jar from https://eclipse.mirror.liteserver.nl/releases/2024-03/202403131000/plugins/ (19.69kB)
[2024-05-22 09:37:30] Fetching org.eclipse.equinox.p2.updatechecker_1.4.200.v20240201-0843.jar from https://eclipse.mirror.liteserver.nl/releases/2024-03/202403131000/plugins/ (20.29kB)
[2024-05-22 09:37:30] Fetching org.eclipse.userstorage_1.2.0.v20210517-0327.jar from https://eclipse.mirror.liteserver.nl/releases/2024-03/202403131000/features/ (19kB)
[2024-05-22 09:37:31] Fetching org.eclipse.jdt.bcoview.feature_1.2.300.v20240118-1157.jar from https://eclipse.mirror.liteserver.nl/releases/2024-03/202403131000/features/ (20.61kB)
[2024-05-22 09:37:31] Fetching org.eclipse.rcp_root_4.31.0.v20240229-0520 from https://eclipse.mirror.liteserver.nl/releases/2024-03/202403131000/binary/ (20.25kB)
[2024-05-22 09:37:31] Fetching org.eclipse.buildship_3.1.9.v20240115-1636.jar from https://eclipse.mirror.liteserver.nl/releases/2024-03/202403131000/features/ (20.47kB)
[2024-05-22 09:37:31] Fetching org.apache.batik.i18n_1.17.0.v20231215-1130.jar from https://mirrors.dotsrc.org/eclipse//releases/2024-03/202403131000/plugins/ (19.7kB)
[2024-05-22 09:37:31] Fetching org.osgi.service.device_1.1.1.202109301733.jar from https://mirrors.dotsrc.org/eclipse//releases/2024-03/202403131000/plugins/ (19.88kB)
[2024-05-22 09:37:31] Fetching org.eclipse.equinox.p2.rcp.feature_1.4.2300.v20240220-1431.jar from https://eclipse.mirror.liteserver.nl/releases/2024-03/202403131000/features/ (20.79kB)
[2024-05-22 09:37:31] Fetching org.eclipse.wildwebdeveloper.xml.feature_1.3.1.202310310352.jar from https://mirrors.dotsrc.org/eclipse//releases/2024-03/202403131000/features/ (20.51kB)
[2024-05-22 09:37:31] Fetching org.eclipse.equinox.p2.discovery.feature_1.3.300.v20240201-0843.jar from https://eclipse.mirror.liteserver.nl/releases/2024-03/202403131000/features/ (20.8kB)
[2024-05-22 09:37:31] Fetching org.eclipse.m2e.lemminx.feature_2.0.600.20240219-1707.jar from https://eclipse.mirror.liteserver.nl/releases/2024-03/202403131000/features/ (20.78kB)
[2024-05-22 09:37:31] Fetching org.eclipse.equinox.p2.user.ui_2.4.2300.v20240229-1022.jar from https://eclipse.mirror.liteserver.nl/releases/2024-03/202403131000/features/ (20.7kB)
[2024-05-22 09:37:32] Fetching org.eclipse.help_2.3.1700.v20240229-0520.jar from https://eclipse.mirror.liteserver.nl/releases/2024-03/202403131000/features/ (20.89kB)
[2024-05-22 09:37:32] Fetching org.eclipse.mylyn.reviews.feature_4.2.0.v20240207-0731.jar from https://mirrors.dotsrc.org/eclipse//releases/2024-03/202403131000/features/ (20.86kB)
[2024-05-22 09:37:32] Fetching org.eclipse.rcp_4.31.0.v20240229-0520.jar from https://mirrors.dotsrc.org/eclipse//releases/2024-03/202403131000/features/ (20.83kB)
[2024-05-22 09:37:32] Fetching org.eclipse.equinox.p2.extras.feature_1.4.2300.v20240229-1022.jar from https://mirrors.dotsrc.org/eclipse//releases/2024-03/202403131000/features/ (20.86kB)
[2024-05-22 09:37:32] Fetching org.eclipse.emf.common_2.31.0.v20231210-0956.jar from https://eclipse.mirror.liteserver.nl/releases/2024-03/202403131000/features/ (20.88kB)
[2024-05-22 09:37:32] Fetching org.eclipse.equinox.p2.core.feature_1.7.100.v20240220-1431.jar from https://eclipse.mirror.liteserver.nl/releases/2024-03/202403131000/features/ (21.19kB)
[2024-05-22 09:37:33] Fetching org.eclipse.egit_6.9.0.202403050737-r.jar from https://eclipse.mirror.liteserver.nl/releases/2024-03/202403131000/features/ (20.92kB)
[2024-05-22 09:37:33] Fetching org.eclipse.emf.ecore_2.37.0.v20240203-0859.jar from https://eclipse.mirror.liteserver.nl/releases/2024-03/202403131000/features/ (20.94kB)
[2024-05-22 09:37:33] Fetching org.eclipse.mylyn.github.feature_6.4.0.v20240209-1319.jar from https://eclipse.mirror.liteserver.nl/releases/2024-03/202403131000/features/ (20.97kB)
[2024-05-22 09:37:33] Fetching org.eclipse.tm.terminal.feature_11.5.0.202312062348.jar from https://eclipse.mirror.liteserver.nl/releases/2024-03/202403131000/features/ (21.36kB)
[2024-05-22 09:37:33] Fetching org.eclipse.mylyn.monitor.feature_4.2.0.v20240203-1124.jar from https://eclipse.mirror.liteserver.nl/releases/2024-03/202403131000/features/ (21.37kB)
[2024-05-22 09:37:33] Fetching org.eclipse.mylyn.commons.identity.feature_4.2.0.v20240203-1124.jar from https://eclipse.mirror.liteserver.nl/releases/2024-03/202403131000/features/ (21.37kB)
[2024-05-22 09:37:33] Fetching org.eclipse.jdt_3.19.400.v20240229-0520.jar from https://mirrors.dotsrc.org/eclipse//releases/2024-03/202403131000/features/ (21.18kB)
[2024-05-22 09:37:33] Fetching org.eclipse.tm.terminal.control.feature_11.5.0.202312281935.jar from https://mirrors.dotsrc.org/eclipse//releases/2024-03/202403131000/features/ (21.19kB)
[2024-05-22 09:37:33] Fetching org.eclipse.tm.terminal.view.feature_11.5.0.202312281935.jar from https://mirrors.dotsrc.org/eclipse//releases/2024-03/202403131000/features/ (21.21kB)
[2024-05-22 09:37:33] Fetching org.eclipse.tm.terminal.connector.ssh.feature_11.5.0.202312281935.jar from https://eclipse.mirror.liteserver.nl/releases/2024-03/202403131000/features/ (21.24kB)
[2024-05-22 09:37:34] Fetching org.eclipse.mylyn.commons.feature_4.2.0.v20240220-1942.jar from https://eclipse.mirror.liteserver.nl/releases/2024-03/202403131000/features/ (21.41kB)
[2024-05-22 09:37:34] Fetching org.eclipse.m2e.logback.feature_2.6.0.20240217-1525.jar from https://eclipse.mirror.liteserver.nl/releases/2024-03/202403131000/features/ (21.37kB)
[2024-05-22 09:37:34] Fetching org.eclipse.mylyn.versions.feature_4.2.0.v20240208-0919.jar from https://eclipse.mirror.liteserver.nl/releases/2024-03/202403131000/features/ (21.39kB)
[2024-05-22 09:37:34] Fetching org.eclipse.mylyn.git.feature_4.2.0.v20240208-0919.jar from https://eclipse.mirror.liteserver.nl/releases/2024-03/202403131000/features/ (21.41kB)
[2024-05-22 09:37:34] Fetching org.eclipse.mylyn.team.feature_4.2.0.v20240220-1733.jar from https://mirror.leitecastro.com/eclipse/releases/2024-03/202403131000/features/ (21.41kB)
[2024-05-22 09:37:34] Fetching org.eclipse.mylyn.jenkins.feature_4.2.0.v20240212-0246.jar from https://eclipse.mirror.liteserver.nl/releases/2024-03/202403131000/features/ (21.46kB)
[2024-05-22 09:37:34] Fetching org.eclipse.mylyn.commons.repositories.feature_4.2.0.v20240203-1124.jar from https://eclipse.mirror.liteserver.nl/releases/2024-03/202403131000/features/ (21.47kB)
[2024-05-22 09:37:34] Fetching org.eclipse.m2e.feature_2.6.0.20240220-1109.jar from https://eclipse.mirror.liteserver.nl/releases/2024-03/202403131000/features/ (21.49kB)
[2024-05-22 09:37:34] Fetching org.eclipse.mylyn.builds.feature_4.2.0.v20240212-0246.jar from https://mirrors.dotsrc.org/eclipse//releases/2024-03/202403131000/features/ (21.41kB)
[2024-05-22 09:37:34] Fetching org.eclipse.mylyn.egit.feature_4.2.0.v20240202-0700.jar from https://mirror.leitecastro.com/eclipse/releases/2024-03/202403131000/features/ (21.5kB)
[2024-05-22 09:37:34] Fetching org.eclipse.mylyn.commons.notifications.feature_4.2.0.v20240203-1124.jar from https://mirrors.dotsrc.org/eclipse//releases/2024-03/202403131000/features/ (21.43kB)
[2024-05-22 09:37:34] Fetching org.eclipse.mylyn.context.feature_4.2.0.v20240221-0556.jar from https://eclipse.mirror.liteserver.nl/releases/2024-03/202403131000/features/ (21.45kB)
[2024-05-22 09:37:34] Fetching org.eclipse.mylyn.commons.activity.feature_4.2.0.v20240203-1124.jar from https://mirrors.dotsrc.org/eclipse//releases/2024-03/202403131000/features/ (21.44kB)
[2024-05-22 09:37:34] Fetching org.eclipse.mylyn.ide.feature_4.2.0.v20240220-1733.jar from https://mirrors.dotsrc.org/eclipse//releases/2024-03/202403131000/features/ (21.44kB)
[2024-05-22 09:37:35] Fetching org.eclipse.ecf.core.ssl.feature_1.1.501.v20230507-1921.jar from https://eclipse.mirror.liteserver.nl/releases/2024-03/202403131000/features/ (21.52kB)
[2024-05-22 09:37:35] Fetching org.eclipse.mylyn.commons.identity.ui_4.2.0.v20240203-1124.jar from https://eclipse.mirror.liteserver.nl/releases/2024-03/202403131000/plugins/ (21.77kB)
[2024-05-22 09:37:35] Fetching org.eclipse.mylyn.jdt.feature_4.2.0.v20240220-1733.jar from https://eclipse.mirror.liteserver.nl/releases/2024-03/202403131000/features/ (21.54kB)
[2024-05-22 09:37:35] Fetching org.eclipse.e4.rcp_4.31.0.v20240227-1638.jar from https://eclipse.mirror.liteserver.nl/releases/2024-03/202403131000/features/ (21.97kB)
[2024-05-22 09:37:35] Fetching org.eclipse.mylyn.tasks.feature_4.2.0.v20240305-1805.jar from https://mirror.leitecastro.com/eclipse/releases/2024-03/202403131000/features/ (21.55kB)
[2024-05-22 09:37:35] Fetching org.eclipse.tips.feature_0.4.300.v20240207-1044.jar from https://eclipse.mirror.liteserver.nl/releases/2024-03/202403131000/features/ (21.55kB)
[2024-05-22 09:37:35] Fetching org.eclipse.mylyn.wikitext.feature_4.2.0.v20240302-0923.jar from https://mirror.leitecastro.com/eclipse/releases/2024-03/202403131000/features/ (21.55kB)
[2024-05-22 09:37:35] Fetching org.eclipse.mylyn.tasks.activity.core_4.2.0.v20240131-0610.jar from https://eclipse.mirror.liteserver.nl/releases/2024-03/202403131000/plugins/ (22.1kB)
[2024-05-22 09:37:35] Fetching org.eclipse.eclemma.feature_3.1.8.202312121452.jar from https://eclipse.mirror.liteserver.nl/releases/2024-03/202403131000/features/ (22.18kB)
[2024-05-22 09:37:35] Fetching org.eclipse.ecf.core.feature_1.6.2.v20231021-2127.jar from https://mirror.leitecastro.com/eclipse/releases/2024-03/202403131000/features/ (21.57kB)
[2024-05-22 09:37:35] Fetching org.eclipse.platform_4.31.0.v20240229-1022.jar from https://mirror.leitecastro.com/eclipse/releases/2024-03/202403131000/features/ (21.75kB)
[2024-05-22 09:37:35] Fetching org.eclipse.m2e.logback_2.6.0.20240217-1525.jar from https://eclipse.mirror.liteserver.nl/releases/2024-03/202403131000/plugins/ (22.18kB)
[2024-05-22 09:37:35] Fetching junit-platform-suite-api_1.10.2.jar from https://eclipse.mirror.liteserver.nl/releases/2024-03/202403131000/plugins/ (22.05kB)
[2024-05-22 09:37:35] Fetching org.eclipse.e4.ui.workbench3_0.17.300.v20231214-1513.jar from https://mirror.leitecastro.com/eclipse/releases/2024-03/202403131000/plugins/ (23.25kB)
[2024-05-22 09:37:35] Fetching org.eclipse.mylyn.git.ui_4.2.0.v20240208-0919.jar from https://eclipse.mirror.liteserver.nl/releases/2024-03/202403131000/plugins/ (23.41kB)
[2024-05-22 09:37:36] Fetching org.eclipse.tips.json_0.3.300.v20231214-1526.jar from https://mirrors.dotsrc.org/eclipse//releases/2024-03/202403131000/plugins/ (21.89kB)
[2024-05-22 09:37:36] Fetching org.eclipse.mylyn.jenkins.ui_4.2.0.v20240212-0246.jar from https://eclipse.mirror.liteserver.nl/releases/2024-03/202403131000/plugins/ (23.04kB)
[2024-05-22 09:37:36] Fetching org.osgi.util.function_1.2.0.202109301733.jar from https://eclipse.mirror.liteserver.nl/releases/2024-03/202403131000/plugins/ (23.09kB)
[2024-05-22 09:37:36] Fetching org.eclipse.epp.mpc_1.10.3.v20240228-1000.jar from https://mirrors.dotsrc.org/eclipse//releases/2024-03/202403131000/features/ (22.1kB)
[2024-05-22 09:37:36] Fetching junit-platform-suite-engine_1.10.2.jar from https://eclipse.mirror.liteserver.nl/releases/2024-03/202403131000/plugins/ (23.55kB)
[2024-05-22 09:37:36] Fetching org.eclipse.m2e.profiles.core_2.1.201.20231030-1438.jar from https://eclipse.mirror.liteserver.nl/releases/2024-03/202403131000/plugins/ (23.72kB)
[2024-05-22 09:37:36] Fetching org.eclipse.m2e.binaryproject_2.1.202.20231119-0901.jar from https://eclipse.mirror.liteserver.nl/releases/2024-03/202403131000/plugins/ (23.38kB)
[2024-05-22 09:37:36] Fetching org.eclipse.epp.mpc.ui.css_1.10.3.v20240221-1216.jar from https://eclipse.mirror.liteserver.nl/releases/2024-03/202403131000/plugins/ (24.29kB)
[2024-05-22 09:37:36] Fetching jakarta.annotation-api_1.3.5.jar from https://eclipse.mirror.liteserver.nl/releases/2024-03/202403131000/plugins/ (24.47kB)
[2024-05-22 09:37:36] Fetching org.eclipse.tm.terminal.connector.local.feature_11.5.0.202402230238.jar from https://eclipse.mirror.liteserver.nl/releases/2024-03/202403131000/features/ (24.97kB)
[2024-05-22 09:37:36] Fetching org.eclipse.tm.terminal.connector.telnet.feature_11.5.0.202312281935.jar from https://eclipse.mirror.liteserver.nl/releases/2024-03/202403131000/features/ (24.99kB)
[2024-05-22 09:37:36] Fetching org.eclipse.cdt.core.linux.x86_64_11.5.0.202403041627.jar from https://mirror.leitecastro.com/eclipse/releases/2024-03/202403131000/plugins/ (23.77kB)
[2024-05-22 09:37:36] Fetching org.eclipse.mylyn.git.core_4.2.0.v20240208-0919.jar from https://eclipse.mirror.liteserver.nl/releases/2024-03/202403131000/plugins/ (23.98kB)
[2024-05-22 09:37:37] Fetching org.eclipse.mylyn.java.tasks_4.2.0.v20240220-1733.jar from https://mirror.leitecastro.com/eclipse/releases/2024-03/202403131000/plugins/ (24.3kB)
[2024-05-22 09:37:37] Fetching org.eclipse.m2e.archetype.descriptor_3.2.1.2.jar from https://mirror.leitecastro.com/eclipse/releases/2024-03/202403131000/plugins/ (23.89kB)
[2024-05-22 09:37:37] Fetching org.eclipse.oomph.extractor.lib_1.9.0.v20220421-1218.jar from https://mirror.leitecastro.com/eclipse/releases/2024-03/202403131000/plugins/ (25.93kB)
[2024-05-22 09:37:37] Fetching org.eclipse.mylyn.egit.ui_4.2.0.v20240202-0700.jar from https://eclipse.mirror.liteserver.nl/releases/2024-03/202403131000/plugins/ (26.01kB)
[2024-05-22 09:37:37] Fetching org.eclipse.equinox.p2.garbagecollector_1.3.200.v20240201-0843.jar from https://mirror.leitecastro.com/eclipse/releases/2024-03/202403131000/plugins/ (27kB)
[2024-05-22 09:37:37] Fetching org.eclipse.equinox.security.linux_1.1.200.v20231214-1607.jar from https://eclipse.mirror.liteserver.nl/releases/2024-03/202403131000/plugins/ (25.65kB)
[2024-05-22 09:37:37] Fetching jakarta.annotation-api_2.1.1.jar from https://eclipse.mirror.liteserver.nl/releases/2024-03/202403131000/plugins/ (25.53kB)
[2024-05-22 09:37:37] Fetching junit-jupiter-migrationsupport_5.10.2.jar from https://mirror.leitecastro.com/eclipse/releases/2024-03/202403131000/plugins/ (27.06kB)
[2024-05-22 09:37:37] Fetching org.eclipse.jgit.http.apache_6.9.0.202403050737-r.jar from https://eclipse.mirror.liteserver.nl/releases/2024-03/202403131000/plugins/ (27.54kB)
[2024-05-22 09:37:37] Fetching org.eclipse.ecf.filetransfer.ssl.feature_1.1.402.v20231021-2127.jar from https://mirror.leitecastro.com/eclipse/releases/2024-03/202403131000/features/ (25.56kB)
[2024-05-22 09:37:37] Fetching org.osgi.util.measurement_1.0.2.201802012109.jar from https://eclipse.mirror.liteserver.nl/releases/2024-03/202403131000/plugins/ (25.74kB)
[2024-05-22 09:37:37] Fetching org.eclipse.jdt.junit4.runtime_1.3.100.v20231214-1952.jar from https://eclipse.mirror.liteserver.nl/releases/2024-03/202403131000/plugins/ (28.39kB)
[2024-05-22 09:37:37] Fetching org.eclipse.equinox.concurrent_1.3.0.v20240213-1244.jar from https://mirror.leitecastro.com/eclipse/releases/2024-03/202403131000/plugins/ (28.35kB)
[2024-05-22 09:37:37] Fetching org.eclipse.ui.intro.quicklinks_1.2.300.v20231214-1012.jar from https://mirrors.dotsrc.org/eclipse//releases/2024-03/202403131000/plugins/ (25.81kB)
[2024-05-22 09:37:38] Fetching org.eclipse.oomph.setup.p2.edit_1.16.0.v20230617-1322.jar from https://mirror.leitecastro.com/eclipse/releases/2024-03/202403131000/plugins/ (27.36kB)
[2024-05-22 09:37:38] Fetching org.eclipse.osgi.services_3.12.0.v20231218-2126.jar from https://mirror.leitecastro.com/eclipse/releases/2024-03/202403131000/plugins/ (27.75kB)
[2024-05-22 09:37:38] Fetching org.eclipse.e4.ui.services_1.6.300.v20231201-1637.jar from https://mirrors.dotsrc.org/eclipse//releases/2024-03/202403131000/plugins/ (26.42kB)
[2024-05-22 09:37:38] Fetching org.eclipse.jdt.junit5.runtime_1.1.300.v20231214-1952.jar from https://eclipse.mirror.liteserver.nl/releases/2024-03/202403131000/plugins/ (28.27kB)
[2024-05-22 09:37:38] Fetching org.eclipse.m2e.sourcelookup.ui_2.0.400.20231030-1438.jar from https://mirror.leitecastro.com/eclipse/releases/2024-03/202403131000/plugins/ (27.9kB)
[2024-05-22 09:37:38] Fetching org.eclipse.equinox.simpleconfigurator.manipulator_2.3.100.v20240201-0843.jar from https://eclipse.mirror.liteserver.nl/releases/2024-03/202403131000/plugins/ (28.85kB)
[2024-05-22 09:37:38] Fetching org.eclipse.mylyn.ide.ant_4.2.0.v20240220-1733.jar from https://eclipse.mirror.liteserver.nl/releases/2024-03/202403131000/plugins/ (28.44kB)
[2024-05-22 09:37:38] Fetching org.eclipse.jgit.archive_6.9.0.202403050737-r.jar from https://eclipse.mirror.liteserver.nl/releases/2024-03/202403131000/plugins/ (28.5kB)
[2024-05-22 09:37:39] Fetching org.eclipse.equinox.http.jetty_3.9.100.v20240213-1244.jar from https://eclipse.mirror.liteserver.nl/releases/2024-03/202403131000/plugins/ (29.3kB)
[2024-05-22 09:37:39] Fetching org.eclipse.equinox.jsp.jasper_1.2.0.v20240213-1427.jar from https://eclipse.mirror.liteserver.nl/releases/2024-03/202403131000/plugins/ (29.66kB)
[2024-05-22 09:37:39] Fetching org.osgi.service.metatype_1.4.1.202109301733.jar from https://eclipse.mirror.liteserver.nl/releases/2024-03/202403131000/plugins/ (29.67kB)
[2024-05-22 09:37:39] Fetching org.eclipse.e4.core.commands_1.1.300.v20240131-1308.jar from https://mirror.leitecastro.com/eclipse/releases/2024-03/202403131000/plugins/ (29.41kB)
[2024-05-22 09:37:39] Fetching org.eclipse.e4.ui.css.swt.theme_0.14.300.v20231214-1513.jar from https://eclipse.mirror.liteserver.nl/releases/2024-03/202403131000/plugins/ (30.14kB)
[2024-05-22 09:37:39] Fetching org.eclipse.ecf.filetransfer.httpclientjava.feature_2.0.200.v20231114-1017.jar from https://eclipse.mirror.liteserver.nl/releases/2024-03/202403131000/features/ (29.57kB)
[2024-05-22 09:37:39] Fetching org.eclipse.ecf.filetransfer.httpclient5.feature_1.1.702.v20231114-1017.jar from https://mirror.leitecastro.com/eclipse/releases/2024-03/202403131000/features/ (29.69kB)
[2024-05-22 09:37:39] Fetching org.eclipse.ecf.filetransfer.feature_3.14.1900.v20230715-1945.jar from https://mirror.leitecastro.com/eclipse/releases/2024-03/202403131000/features/ (29.66kB)
[2024-05-22 09:37:39] Fetching org.eclipse.jdt.annotation_2.3.0.v20240111-2306.jar from https://eclipse.mirror.liteserver.nl/releases/2024-03/202403131000/plugins/ (31.08kB)
[2024-05-22 09:37:39] Fetching org.eclipse.mylyn.tasks.index.ui_4.2.0.v20240131-0610.jar from https://eclipse.mirror.liteserver.nl/releases/2024-03/202403131000/plugins/ (30.17kB)
[2024-05-22 09:37:40] Fetching org.eclipse.equinox.p2.console_1.3.300.v20240201-0843.jar from https://mirror.leitecastro.com/eclipse/releases/2024-03/202403131000/plugins/ (31.25kB)
[2024-05-22 09:37:40] Fetching org.eclipse.tm.terminal.connector.local_4.8.100.202402230238.jar from https://mirror.leitecastro.com/eclipse/releases/2024-03/202403131000/plugins/ (32.17kB)
[2024-05-22 09:37:40] Fetching org.osgi.service.upnp_1.2.1.202109301733.jar from https://eclipse.mirror.liteserver.nl/releases/2024-03/202403131000/plugins/ (30.58kB)
[2024-05-22 09:37:40] Fetching org.eclipse.mylyn.versions.core_4.2.0.v20240208-0919.jar from https://eclipse.mirror.liteserver.nl/releases/2024-03/202403131000/plugins/ (32.45kB)
[2024-05-22 09:37:40] Fetching org.eclipse.m2e.mavenarchiver_2.0.500.20240202-2240.jar from https://eclipse.mirror.liteserver.nl/releases/2024-03/202403131000/plugins/ (31.12kB)
[2024-05-22 09:37:40] Fetching org.glassfish.hk2.osgi-resource-locator_2.5.0.v20161103-1916.jar from https://eclipse.mirror.liteserver.nl/releases/2024-03/202403131000/plugins/ (33.49kB)
[2024-05-22 09:37:40] Fetching org.eclipse.mylyn.commons.notifications.feed_4.2.0.v20240203-1124.jar from https://eclipse.mirror.liteserver.nl/releases/2024-03/202403131000/plugins/ (33.58kB)
[2024-05-22 09:37:40] Fetching org.eclipse.mylyn.tasks.index.core_4.2.0.v20240305-1805.jar from https://eclipse.mirror.liteserver.nl/releases/2024-03/202403131000/plugins/ (35kB)
[2024-05-22 09:37:40] Fetching org.eclipse.jface.notifications_0.7.100.v20231214-2114.jar from https://mirror.leitecastro.com/eclipse/releases/2024-03/202403131000/plugins/ (33.05kB)
[2024-05-22 09:37:40] Fetching org.eclipse.oomph.resources.edit_1.14.0.v20240130-1324.jar from https://mirror.leitecastro.com/eclipse/releases/2024-03/202403131000/plugins/ (33.12kB)
[2024-05-22 09:37:41] Fetching org.objectweb.asm.tree.analysis_9.6.0.jar from https://mirror.leitecastro.com/eclipse/releases/2024-03/202403131000/plugins/ (33.24kB)
[2024-05-22 09:37:41] Fetching org.eclipse.equinox.p2.directorywatcher_1.4.300.v20240201-0843.jar from https://eclipse.mirror.liteserver.nl/releases/2024-03/202403131000/plugins/ (33.73kB)
[2024-05-22 09:37:41] Fetching org.eclipse.ui.themes_1.2.2400.v20240213-1133.jar from https://mirror.leitecastro.com/eclipse/releases/2024-03/202403131000/plugins/ (33.85kB)
[2024-05-22 09:37:41] Fetching org.eclipse.mylyn.commons.activity.ui_4.2.0.v20240203-1124.jar from https://eclipse.mirror.liteserver.nl/releases/2024-03/202403131000/plugins/ (35.6kB)
[2024-05-22 09:37:41] Fetching org.eclipse.core.variables_3.6.300.v20231214-1012.jar from https://mirror.leitecastro.com/eclipse/releases/2024-03/202403131000/plugins/ (37.53kB)
[2024-05-22 09:37:41] Fetching org.eclipse.equinox.p2.extensionlocation_1.5.300.v20240201-0843.jar from https://mirror.leitecastro.com/eclipse/releases/2024-03/202403131000/plugins/ (37.71kB)
[2024-05-22 09:37:41] Fetching org.eclipse.equinox.event_1.7.0.v20240214-0846.jar from https://eclipse.mirror.liteserver.nl/releases/2024-03/202403131000/plugins/ (35.52kB)
[2024-05-22 09:37:41] Fetching org.eclipse.mylyn.commons.repositories.http.core_4.2.0.v20240203-1124.jar from https://eclipse.mirror.liteserver.nl/releases/2024-03/202403131000/plugins/ (38.36kB)
[2024-05-22 09:37:41] Fetching org.osgi.service.useradmin_1.1.1.202109301733.jar from https://eclipse.mirror.liteserver.nl/releases/2024-03/202403131000/plugins/ (35.82kB)
[2024-05-22 09:37:41] Fetching org.eclipse.oomph.workingsets.edit_1.13.0.v20230204-0932.jar from https://eclipse.mirror.liteserver.nl/releases/2024-03/202403131000/plugins/ (38.74kB)
[2024-05-22 09:37:41] Fetching org.eclipse.tm.terminal.connector.process_4.9.100.202402230238.jar from https://mirrors.dotsrc.org/eclipse//releases/2024-03/202403131000/plugins/ (34.01kB)
[2024-05-22 09:37:41] Fetching org.eclipse.equinox.frameworkadmin_2.3.100.v20240201-0843.jar from https://eclipse.mirror.liteserver.nl/releases/2024-03/202403131000/plugins/ (39.11kB)
[2024-05-22 09:37:41] Fetching org.eclipse.mylyn.commons.xmlrpc_4.2.0.v20240203-1124.jar from https://eclipse.mirror.liteserver.nl/releases/2024-03/202403131000/plugins/ (39.46kB)
[2024-05-22 09:37:41] Fetching org.eclipse.mylyn.ide.ui_4.2.0.v20240220-1733.jar from https://mirrors.dotsrc.org/eclipse//releases/2024-03/202403131000/plugins/ (37.5kB)
[2024-05-22 09:37:42] Fetching org.apache.felix.gogo.command_1.1.2.jar from https://mirror.leitecastro.com/eclipse/releases/2024-03/202403131000/plugins/ (38.76kB)
[2024-05-22 09:37:42] Fetching org.eclipse.jdt.apt.pluggable.core_1.4.300.v20231214-1504.jar from https://mirror.leitecastro.com/eclipse/releases/2024-03/202403131000/plugins/ (42.17kB)
[2024-05-22 09:37:42] Fetching org.eclipse.mylyn.monitor.core_4.2.0.v20240203-1124.jar from https://eclipse.mirror.liteserver.nl/releases/2024-03/202403131000/plugins/ (41.64kB)
[2024-05-22 09:37:42] Fetching org.eclipse.m2e.jdt.ui_2.0.400.20231030-1438.jar from https://eclipse.mirror.liteserver.nl/releases/2024-03/202403131000/plugins/ (39.96kB)
[2024-05-22 09:37:42] Fetching org.eclipse.jgit.ssh.apache.agent_6.9.0.202403050737-r.jar from https://eclipse.mirror.liteserver.nl/releases/2024-03/202403131000/plugins/ (40.12kB)
[2024-05-22 09:37:42] Fetching org.eclipse.equinox.p2.discovery_1.3.200.v20240201-0843.jar from https://eclipse.mirror.liteserver.nl/releases/2024-03/202403131000/plugins/ (40.14kB)
[2024-05-22 09:37:43] Fetching org.osgi.service.wireadmin_1.0.2.202109301733.jar from https://eclipse.mirror.liteserver.nl/releases/2024-03/202403131000/plugins/ (42.85kB)
[2024-05-22 09:37:43] Fetching org.eclipse.e4.core.di.extensions.supplier_0.17.400.v20231214-1012.jar from https://mirror.leitecastro.com/eclipse/releases/2024-03/202403131000/plugins/ (42.31kB)
[2024-05-22 09:37:43] Fetching org.eclipse.tm4e.registry_0.10.3.202403012031.jar from https://mirror.leitecastro.com/eclipse/releases/2024-03/202403131000/plugins/ (42.15kB)
[2024-05-22 09:37:43] Fetching org.apache.ws.commons.util_1.0.2.v20230723-0712.jar from https://eclipse.mirror.liteserver.nl/releases/2024-03/202403131000/plugins/ (43.94kB)
[2024-05-22 09:37:43] Fetching org.eclipse.jsch.core_1.5.300.v20231214-1526.jar from https://eclipse.mirror.liteserver.nl/releases/2024-03/202403131000/plugins/ (43.53kB)
[2024-05-22 09:37:43] Fetching org.eclipse.mylyn.debug.ui_4.2.0.v20240220-1733.jar from https://mirror.leitecastro.com/eclipse/releases/2024-03/202403131000/plugins/ (38.75kB)
[2024-05-22 09:37:43] Fetching org.eclipse.m2e.profiles.ui_2.0.301.20231030-1438.jar from https://mirrors.dotsrc.org/eclipse//releases/2024-03/202403131000/plugins/ (42.8kB)
[2024-05-22 09:37:43] Fetching org.eclipse.core.externaltools_1.3.300.v20231214-1012.jar from https://mirror.leitecastro.com/eclipse/releases/2024-03/202403131000/plugins/ (42.82kB)
[2024-05-22 09:37:43] Fetching org.eclipse.tm.terminal.view.core_4.10.200.202312281935.jar from https://eclipse.mirror.liteserver.nl/releases/2024-03/202403131000/plugins/ (44.23kB)
[2024-05-22 09:37:43] Fetching org.osgi.service.event_1.4.1.202109301733.jar from https://mirror.leitecastro.com/eclipse/releases/2024-03/202403131000/plugins/ (46.59kB)
[2024-05-22 09:37:43] Fetching org.eclipse.userstorage.ui_1.1.0.v20190307-0457.jar from https://eclipse.mirror.liteserver.nl/releases/2024-03/202403131000/plugins/ (44.88kB)
[2024-05-22 09:37:43] Fetching org.eclipse.jdt_3.19.400.v20240229-0520.jar from https://eclipse.mirror.liteserver.nl/releases/2024-03/202403131000/plugins/ (44.73kB)
[2024-05-22 09:37:44] Fetching org.eclipse.mylyn.wikitext.html_4.2.0.v20240221-1914.jar from https://eclipse.mirror.liteserver.nl/releases/2024-03/202403131000/plugins/ (47.48kB)
[2024-05-22 09:37:44] Fetching org.eclipse.m2e.apt.ui_2.0.401.20231030-1438.jar from https://eclipse.mirror.liteserver.nl/releases/2024-03/202403131000/plugins/ (44.98kB)
[2024-05-22 09:37:44] Fetching org.eclipse.equinox.p2.transport.ecf_1.4.200.v20240203-1359.jar from https://eclipse.mirror.liteserver.nl/releases/2024-03/202403131000/plugins/ (48.16kB)
[2024-05-22 09:37:44] Fetching org.eclipse.mylyn.wikitext.ant_4.2.0.v20240302-0923.jar from https://mirror.leitecastro.com/eclipse/releases/2024-03/202403131000/plugins/ (46.56kB)
[2024-05-22 09:37:44] Fetching org.eclipse.oomph.workingsets_1.14.0.v20230617-1322.jar from https://eclipse.mirror.liteserver.nl/releases/2024-03/202403131000/plugins/ (48.51kB)
[2024-05-22 09:37:44] Fetching org.eclipse.core.net_1.5.300.v20231214-1526.jar from https://eclipse.mirror.liteserver.nl/releases/2024-03/202403131000/plugins/ (49.83kB)
[2024-05-22 09:37:44] Fetching org.eclipse.mylyn.wikitext.twiki_4.2.0.v20240302-0923.jar from https://mirror.leitecastro.com/eclipse/releases/2024-03/202403131000/plugins/ (47.03kB)
[2024-05-22 09:37:44] Fetching org.eclipse.ui.net_1.5.300.v20231214-1012.jar from https://mirror.leitecastro.com/eclipse/releases/2024-03/202403131000/plugins/ (47.76kB)
[2024-05-22 09:37:44] Fetching org.eclipse.mylyn.commons.identity.core_4.2.0.v20240203-1124.jar from https://mirror.leitecastro.com/eclipse/releases/2024-03/202403131000/plugins/ (47.16kB)
[2024-05-22 09:37:44] Fetching org.eclipse.e4.ui.bindings_0.14.300.v20231214-1513.jar from https://eclipse.mirror.liteserver.nl/releases/2024-03/202403131000/plugins/ (48.56kB)
[2024-05-22 09:37:45] Fetching org.eclipse.mylyn.commons.repositories.core_4.2.0.v20240203-1124.jar from https://eclipse.mirror.liteserver.nl/releases/2024-03/202403131000/plugins/ (50.68kB)
[2024-05-22 09:37:45] Fetching org.eclipse.equinox.http.registry_1.4.0.v20240213-1244.jar from https://eclipse.mirror.liteserver.nl/releases/2024-03/202403131000/plugins/ (49.97kB)
[2024-05-22 09:37:45] Fetching org.eclipse.wst.common.uriresolver_1.4.0.v202308161955.jar from https://mirrors.dotsrc.org/eclipse//releases/2024-03/202403131000/plugins/ (48.99kB)
[2024-05-22 09:37:45] Fetching org.objectweb.asm.tree_9.6.0.jar from https://eclipse.mirror.liteserver.nl/releases/2024-03/202403131000/plugins/ (50.72kB)
[2024-05-22 09:37:45] Fetching org.eclipse.equinox.p2.reconciler.dropins_1.5.300.v20240212-0924.jar from https://eclipse.mirror.liteserver.nl/releases/2024-03/202403131000/plugins/ (52.21kB)
[2024-05-22 09:37:45] Fetching org.eclipse.mylyn.monitor.ui_4.2.0.v20240203-1124.jar from https://mirror.leitecastro.com/eclipse/releases/2024-03/202403131000/plugins/ (51.04kB)
[2024-05-22 09:37:45] Fetching org.eclipse.wst.common.environment_1.1.0.v202308161955.jar from https://mirror.leitecastro.com/eclipse/releases/2024-03/202403131000/plugins/ (51.31kB)
[2024-05-22 09:37:46] Fetching org.eclipse.equinox.bidi_1.5.0.v20240113-0700.jar from https://eclipse.mirror.liteserver.nl/releases/2024-03/202403131000/plugins/ (52.95kB)
[2024-05-22 09:37:46] Fetching org.eclipse.equinox.simpleconfigurator_1.5.200.v20240209-1053.jar from https://eclipse.mirror.liteserver.nl/releases/2024-03/202403131000/plugins/ (53.85kB)
[2024-05-22 09:37:46] Fetching org.eclipse.tm.terminal.connector.telnet_4.8.100.202312281935.jar from https://eclipse.mirror.liteserver.nl/releases/2024-03/202403131000/plugins/ (53.84kB)
[2024-05-22 09:37:46] Fetching org.eclipse.tips.ui_0.3.300.v20240207-1044.jar from https://eclipse.mirror.liteserver.nl/releases/2024-03/202403131000/plugins/ (53.85kB)
[2024-05-22 09:37:46] Fetching org.eclipse.e4.emf.xpath_0.4.200.v20231214-1513.jar from https://mirror.leitecastro.com/eclipse/releases/2024-03/202403131000/plugins/ (54kB)
[2024-05-22 09:37:46] Fetching org.eclipse.ecf.filetransfer_5.1.103.v20230705-0614.jar from https://eclipse.mirror.liteserver.nl/releases/2024-03/202403131000/plugins/ (55.69kB)
[2024-05-22 09:37:46] Fetching org.eclipse.ecf.discovery_5.2.0.v20231021-2050.jar from https://eclipse.mirror.liteserver.nl/releases/2024-03/202403131000/plugins/ (56.21kB)
[2024-05-22 09:37:46] Fetching org.eclipse.equinox.launcher_1.6.700.v20240213-1244.jar from https://eclipse.mirror.liteserver.nl/releases/2024-03/202403131000/plugins/ (55.03kB)
[2024-05-22 09:37:46] Fetching org.osgi.service.cm_1.6.1.202109301733.jar from https://mirror.leitecastro.com/eclipse/releases/2024-03/202403131000/plugins/ (54.28kB)
[2024-05-22 09:37:46] Fetching org.eclipse.oomph.p2.edit_1.17.0.v20230204-0932.jar from https://mirror.leitecastro.com/eclipse/releases/2024-03/202403131000/plugins/ (54.46kB)
[2024-05-22 09:37:47] Fetching org.eclipse.urischeme_1.3.200.v20231214-1513.jar from https://eclipse.mirror.liteserver.nl/releases/2024-03/202403131000/plugins/ (55.21kB)
[2024-05-22 09:37:47] Fetching org.apache.commons.cli_1.6.0.jar from https://eclipse.mirror.liteserver.nl/releases/2024-03/202403131000/plugins/ (58.13kB)
[2024-05-22 09:37:47] Fetching org.eclipse.e4.ui.dialogs_1.4.200.v20231214-1513.jar from https://eclipse.mirror.liteserver.nl/releases/2024-03/202403131000/plugins/ (58.7kB)
[2024-05-22 09:37:47] Fetching org.apache.felix.gogo.shell_1.1.4.jar from https://eclipse.mirror.liteserver.nl/releases/2024-03/202403131000/plugins/ (57.69kB)
[2024-05-22 09:37:47] Fetching org.eclipse.e4.core.contexts_1.12.500.v20231220-1554.jar from https://eclipse.mirror.liteserver.nl/releases/2024-03/202403131000/plugins/ (56.73kB)
[2024-05-22 09:37:47] Fetching org.eclipse.userstorage.oauth_1.1.0.v20190307-0457.jar from https://mirror.leitecastro.com/eclipse/releases/2024-03/202403131000/plugins/ (58.26kB)
[2024-05-22 09:37:47] Fetching org.eclipse.oomph.predicates.edit_1.15.0.v20230416-0642.jar from https://mirror.leitecastro.com/eclipse/releases/2024-03/202403131000/plugins/ (58.64kB)
[2024-05-22 09:37:48] Fetching org.eclipse.equinox.p2.discovery.compatibility_1.3.200.v20240201-0843.jar from https://eclipse.mirror.liteserver.nl/releases/2024-03/202403131000/plugins/ (61.46kB)
[2024-05-22 09:37:48] Fetching org.eclipse.jdt.junit.runtime_3.7.400.v20231214-1952.jar from https://mirror.leitecastro.com/eclipse/releases/2024-03/202403131000/plugins/ (59.13kB)
[2024-05-22 09:37:48] Fetching org.eclipse.wst.common.core_1.4.100.v202103232321.jar from https://eclipse.mirror.liteserver.nl/releases/2024-03/202403131000/plugins/ (60.4kB)
[2024-05-22 09:37:48] Fetching org.eclipse.search.core_3.16.100.v20240207-1054.jar from https://mirror.leitecastro.com/eclipse/releases/2024-03/202403131000/plugins/ (60.66kB)
[2024-05-22 09:37:48] Fetching org.eclipse.mylyn.commons.notifications.ui_4.2.0.v20240203-1124.jar from https://eclipse.mirror.liteserver.nl/releases/2024-03/202403131000/plugins/ (61.3kB)
[2024-05-22 09:37:48] Fetching org.eclipse.m2e.scm_2.0.201.20231030-1438.jar from https://eclipse.mirror.liteserver.nl/releases/2024-03/202403131000/plugins/ (62.07kB)
[2024-05-22 09:37:48] Fetching org.eclipse.tm.terminal.connector.ssh_4.8.200.202312281935.jar from https://eclipse.mirror.liteserver.nl/releases/2024-03/202403131000/plugins/ (62.25kB)
[2024-05-22 09:37:48] Fetching net.i2p.crypto.eddsa_0.3.0.jar from https://mirrors.dotsrc.org/eclipse//releases/2024-03/202403131000/plugins/ (61.81kB)
[2024-05-22 09:37:48] Fetching org.eclipse.mylyn.wikitext.tracwiki_4.2.0.v20240302-0923.jar from https://eclipse.mirror.liteserver.nl/releases/2024-03/202403131000/plugins/ (63.81kB)
[2024-05-22 09:37:49] Fetching org.eclipse.e4.core.di_1.9.300.v20240207-1044.jar from https://mirror.leitecastro.com/eclipse/releases/2024-03/202403131000/plugins/ (63.06kB)
[2024-05-22 09:37:49] Fetching org.eclipse.ui.monitoring_1.3.200.v20240116-1723.jar from https://eclipse.mirror.liteserver.nl/releases/2024-03/202403131000/plugins/ (63.4kB)
[2024-05-22 09:37:49] Fetching junit-vintage-engine_5.10.2.jar from https://eclipse.mirror.liteserver.nl/releases/2024-03/202403131000/plugins/ (65.9kB)
[2024-05-22 09:37:49] Fetching org.eclipse.m2e.apt.core_2.2.201.20240125-1714.jar from https://eclipse.mirror.liteserver.nl/releases/2024-03/202403131000/plugins/ (65.99kB)
[2024-05-22 09:37:49] Fetching org.eclipse.ecf.identity_3.10.0.v20230422-0242.jar from https://eclipse.mirror.liteserver.nl/releases/2024-03/202403131000/plugins/ (67.72kB)
[2024-05-22 09:37:49] Fetching org.eclipse.equinox.p2.jarprocessor_1.3.300.v20240201-0843.jar from https://mirror.leitecastro.com/eclipse/releases/2024-03/202403131000/plugins/ (64.51kB)
[2024-05-22 09:37:49] Fetching org.osgi.service.component_1.5.1.202212101352.jar from https://eclipse.mirror.liteserver.nl/releases/2024-03/202403131000/plugins/ (64.89kB)
[2024-05-22 09:37:49] Fetching org.eclipse.jgit.gpg.bc_6.9.0.202403050737-r.jar from https://mirror.leitecastro.com/eclipse/releases/2024-03/202403131000/plugins/ (66.46kB)
[2024-05-22 09:37:49] Fetching org.eclipse.mylyn.resources.ui_4.2.0.v20240220-1733.jar from https://mirror.leitecastro.com/eclipse/releases/2024-03/202403131000/plugins/ (66.5kB)
[2024-05-22 09:37:50] Fetching org.eclipse.oomph.base.edit_1.17.0.v20230617-1322.jar from https://eclipse.mirror.liteserver.nl/releases/2024-03/202403131000/plugins/ (67.63kB)
[2024-05-22 09:37:50] Fetching org.eclipse.equinox.p2.director.app_1.3.300.v20240212-0924.jar from https://eclipse.mirror.liteserver.nl/releases/2024-03/202403131000/plugins/ (68.42kB)
[2024-05-22 09:37:50] Fetching org.eclipse.cdt.core.native_6.3.300.202402211459.jar from https://mirror.leitecastro.com/eclipse/releases/2024-03/202403131000/plugins/ (70.33kB)
[2024-05-22 09:37:50] Fetching org.eclipse.mylyn.tasks.search_4.2.0.v20240131-0610.jar from https://mirror.leitecastro.com/eclipse/releases/2024-03/202403131000/plugins/ (68.59kB)
[2024-05-22 09:37:50] Fetching org.objectweb.asm.commons_9.6.0.jar from https://mirror.leitecastro.com/eclipse/releases/2024-03/202403131000/plugins/ (70.5kB)
[2024-05-22 09:37:50] Fetching org.eclipse.compare.core_3.8.400.v20240124-0947.jar from https://eclipse.mirror.liteserver.nl/releases/2024-03/202403131000/plugins/ (69.85kB)
[2024-05-22 09:37:50] Fetching org.apache.commons.logging_1.2.0.v20180409-1502.jar from https://eclipse.mirror.liteserver.nl/releases/2024-03/202403131000/plugins/ (71.45kB)
[2024-05-22 09:37:50] Fetching org.eclipse.oomph.p2_1.17.0.v20230617-1322.jar from https://eclipse.mirror.liteserver.nl/releases/2024-03/202403131000/plugins/ (69.97kB)
[2024-05-22 09:37:51] Fetching org.eclipse.e4.core.services_2.4.300.v20240119-0800.jar from https://mirror.leitecastro.com/eclipse/releases/2024-03/202403131000/plugins/ (71.77kB)
[2024-05-22 09:37:51] Fetching org.eclipse.oomph.base_1.18.0.v20230617-1322.jar from https://mirror.leitecastro.com/eclipse/releases/2024-03/202403131000/plugins/ (71.99kB)
[2024-05-22 09:37:51] Fetching org.eclipse.equinox.frameworkadmin.equinox_1.3.100.v20240213-1609.jar from https://mirror.leitecastro.com/eclipse/releases/2024-03/202403131000/plugins/ (72.34kB)
[2024-05-22 09:37:51] Fetching org.eclipse.core.filesystem_1.10.300.v20240124-1325.jar from https://eclipse.mirror.liteserver.nl/releases/2024-03/202403131000/plugins/ (72.9kB)
[2024-05-22 09:37:51] Fetching org.apache.xmlrpc.client_3.1.3.v20160817-1930.jar from https://eclipse.mirror.liteserver.nl/releases/2024-03/202403131000/plugins/ (73.89kB)
[2024-05-22 09:37:51] Fetching org.eclipse.jdt.apt.ui_3.8.300.v20231214-1504.jar from https://eclipse.mirror.liteserver.nl/releases/2024-03/202403131000/plugins/ (74.08kB)
[2024-05-22 09:37:51] Fetching org.eclipse.oomph.predicates_1.17.0.v20230617-1322.jar from https://mirrors.dotsrc.org/eclipse//releases/2024-03/202403131000/plugins/ (72.14kB)
[2024-05-22 09:37:51] Fetching org.eclipse.jetty.ee8.security_12.0.6.jar from https://mirror.leitecastro.com/eclipse/releases/2024-03/202403131000/plugins/ (74.33kB)
[2024-05-22 09:37:52] Fetching org.eclipse.m2e.discovery_2.0.201.20231030-1438.jar from https://eclipse.mirror.liteserver.nl/releases/2024-03/202403131000/plugins/ (76.39kB)
[2024-05-22 09:37:52] Fetching org.eclipse.mylyn.github.core_6.4.0.v20240209-1319.jar from https://mirror.leitecastro.com/eclipse/releases/2024-03/202403131000/plugins/ (76.65kB)
[2024-05-22 09:37:52] Fetching org.eclipse.m2e.refactoring_2.0.302.20231108-0009.jar from https://eclipse.mirror.liteserver.nl/releases/2024-03/202403131000/plugins/ (76.87kB)
[2024-05-22 09:37:52] Fetching org.eclipse.equinox.p2.operations_2.7.300.v20240212-0924.jar from https://eclipse.mirror.liteserver.nl/releases/2024-03/202403131000/plugins/ (77.53kB)
[2024-05-22 09:37:52] Fetching org.osgi.util.promise_1.3.0.202212101352.jar from https://eclipse.mirror.liteserver.nl/releases/2024-03/202403131000/plugins/ (83.65kB)
[2024-05-22 09:37:52] Fetching org.eclipse.core.runtime_3.31.0.v20240215-1631.jar from https://eclipse.mirror.liteserver.nl/releases/2024-03/202403131000/plugins/ (79.45kB)
[2024-05-22 09:37:52] Fetching org.eclipse.mylyn.wikitext.mediawiki_4.2.0.v20240302-0923.jar from https://mirror.leitecastro.com/eclipse/releases/2024-03/202403131000/plugins/ (78.94kB)
[2024-05-22 09:37:52] Fetching com.ibm.icu_74.2.0.jar from https://eclipse.mirror.liteserver.nl/releases/2024-03/202403131000/plugins/ (13.65MB)
[2024-05-22 09:37:53] Fetching org.eclipse.equinox.p2.ui.sdk_1.3.300.v20240207-1113.jar from https://eclipse.mirror.liteserver.nl/releases/2024-03/202403131000/plugins/ (80.71kB)
[2024-05-22 09:37:53] Fetching org.eclipse.mylyn.wikitext.markdown_4.2.0.v20240302-0923.jar from https://mirror.leitecastro.com/eclipse/releases/2024-03/202403131000/plugins/ (80.36kB)
[2024-05-22 09:37:53] Fetching org.eclipse.equinox.p2.core_2.11.0.v20240210-1628.jar from https://mirror.leitecastro.com/eclipse/releases/2024-03/202403131000/plugins/ (80.99kB)
[2024-05-22 09:37:53] Fetching org.eclipse.core.databinding.beans_1.10.200.v20231214-1513.jar from https://mirror.leitecastro.com/eclipse/releases/2024-03/202403131000/plugins/ (83.49kB)
[2024-05-22 09:37:53] Fetching org.eclipse.jdt.doc.user_3.15.2100.v20240228-1609.jar from https://eclipse.mirror.liteserver.nl/releases/2024-03/202403131000/plugins/ (7.27MB)
[2024-05-22 09:37:53] Fetching org.eclipse.wildwebdeveloper.xml_1.3.1.202310310352.jar from https://eclipse.mirror.liteserver.nl/releases/2024-03/202403131000/plugins/ (8.8MB)
[2024-05-22 09:37:53] Fetching com.ibm.icu_74.2.0.jar from https://eclipse.mirror.liteserver.nl/releases/2024-03/202403131000/plugins/
[2024-05-22 09:37:54] Fetching org.eclipse.jdt.ui_3.32.0.v20240215-0312.jar from https://mirrors.dotsrc.org/eclipse//releases/2024-03/202403131000/plugins/ (9.73MB)
[2024-05-22 09:37:54] Fetching bcprov_1.77.0.jar from https://eclipse.mirror.liteserver.nl/releases/2024-03/202403131000/plugins/ (7.98MB)
[2024-05-22 09:37:54] Fetching org.eclipse.platform.doc.user_4.31.0.v20240228-1609.jar from https://mirror.leitecastro.com/eclipse/releases/2024-03/202403131000/plugins/ (6.49MB)
[2024-05-22 09:37:54] Fetching org.eclipse.jdt.doc.user_3.15.2100.v20240228-1609.jar from https://eclipse.mirror.liteserver.nl/releases/2024-03/202403131000/plugins/
[2024-05-22 09:37:55] Fetching org.eclipse.wildwebdeveloper.xml_1.3.1.202310310352.jar from https://eclipse.mirror.liteserver.nl/releases/2024-03/202403131000/plugins/
[2024-05-22 09:37:55] Fetching org.eclipse.m2e.maven.runtime_3.9.600.20231203-1234.jar from https://mirror.leitecastro.com/eclipse/releases/2024-03/202403131000/plugins/ (5.43MB)
[2024-05-22 09:37:55] Fetching org.eclipse.jdt.ui_3.32.0.v20240215-0312.jar from https://mirrors.dotsrc.org/eclipse//releases/2024-03/202403131000/plugins/
[2024-05-22 09:37:55] Fetching bcprov_1.77.0.jar from https://eclipse.mirror.liteserver.nl/releases/2024-03/202403131000/plugins/
[2024-05-22 09:37:55] Fetching org.eclipse.egit.doc_6.9.0.202403050737-r.jar from https://mirror.leitecastro.com/eclipse/releases/2024-03/202403131000/plugins/ (5.09MB)
[2024-05-22 09:37:55] Fetching org.eclipse.jdt.core_3.37.0.v20240215-1452.jar from https://mirror.leitecastro.com/eclipse/releases/2024-03/202403131000/plugins/ (4.07MB)
[2024-05-22 09:37:55] Fetching org.eclipse.platform.doc.user_4.31.0.v20240228-1609.jar from https://mirror.leitecastro.com/eclipse/releases/2024-03/202403131000/plugins/
[2024-05-22 09:37:56] Fetching org.eclipse.m2e.maven.runtime_3.9.600.20231203-1234.jar from https://mirror.leitecastro.com/eclipse/releases/2024-03/202403131000/plugins/
[2024-05-22 09:37:56] Fetching org.eclipse.egit.doc_6.9.0.202403050737-r.jar from https://mirror.leitecastro.com/eclipse/releases/2024-03/202403131000/plugins/
[2024-05-22 09:37:56] Fetching org.eclipse.jdt.core_3.37.0.v20240215-1452.jar from https://mirror.leitecastro.com/eclipse/releases/2024-03/202403131000/plugins/
[2024-05-22 09:37:57] Fetching org.apache.lucene.core_9.10.0.v20240221-0830.jar from https://mirrors.dotsrc.org/eclipse//releases/2024-03/202403131000/plugins/ (4.07MB)
[2024-05-22 09:37:58] Fetching org.apache.lucene.core_9.10.0.v20240221-0830.jar from https://mirrors.dotsrc.org/eclipse//releases/2024-03/202403131000/plugins/
[2024-05-22 09:38:00] Fetching org.eclipse.jdt.core.manipulation_1.21.0.v20240221-0406.jar from https://eclipse.mirror.liteserver.nl/releases/2024-03/202403131000/plugins/ (4.05MB)
[2024-05-22 09:38:00] Fetching org.eclipse.egit.ui_6.9.0.202403050737-r.jar from https://eclipse.mirror.liteserver.nl/releases/2024-03/202403131000/plugins/ (3.91MB)
[2024-05-22 09:38:01] Fetching org.eclipse.jdt.core.manipulation_1.21.0.v20240221-0406.jar from https://eclipse.mirror.liteserver.nl/releases/2024-03/202403131000/plugins/
[2024-05-22 09:38:01] Fetching org.eclipse.egit.ui_6.9.0.202403050737-r.jar from https://eclipse.mirror.liteserver.nl/releases/2024-03/202403131000/plugins/
[2024-05-22 09:38:01] Fetching org.eclipse.ui.workbench_3.131.100.v20240221-2107.jar from https://eclipse.mirror.liteserver.nl/releases/2024-03/202403131000/plugins/ (3.5MB)
[2024-05-22 09:38:02] Fetching org.eclipse.ui.workbench_3.131.100.v20240221-2107.jar from https://eclipse.mirror.liteserver.nl/releases/2024-03/202403131000/plugins/
[2024-05-22 09:38:03] Fetching org.apache.lucene.analysis-smartcn_9.10.0.v20240221-0830.jar from https://eclipse.mirror.liteserver.nl/releases/2024-03/202403131000/plugins/ (3.44MB)
[2024-05-22 09:38:03] Fetching org.apache.ant_1.10.14.v20230922-1200.jar from https://eclipse.mirror.liteserver.nl/releases/2024-03/202403131000/plugins/ (3.26MB)
[2024-05-22 09:38:04] Fetching org.apache.lucene.analysis-smartcn_9.10.0.v20240221-0830.jar from https://eclipse.mirror.liteserver.nl/releases/2024-03/202403131000/plugins/
[2024-05-22 09:38:04] Fetching org.eclipse.jdt.core.compiler.batch_3.37.0.v20240215-1558.jar from https://eclipse.mirror.liteserver.nl/releases/2024-03/202403131000/plugins/ (3.11MB)
[2024-05-22 09:38:05] Fetching org.apache.ant_1.10.14.v20230922-1200.jar from https://eclipse.mirror.liteserver.nl/releases/2024-03/202403131000/plugins/
[2024-05-22 09:38:05] Fetching org.eclipse.debug.ui_3.18.300.v20240213-1843.jar from https://eclipse.mirror.liteserver.nl/releases/2024-03/202403131000/plugins/ (3.04MB)
[2024-05-22 09:38:05] Fetching org.eclipse.jdt.core.compiler.batch_3.37.0.v20240215-1558.jar from https://eclipse.mirror.liteserver.nl/releases/2024-03/202403131000/plugins/
[2024-05-22 09:38:06] Fetching org.eclipse.jgit_6.9.0.202403050737-r.jar from https://eclipse.mirror.liteserver.nl/releases/2024-03/202403131000/plugins/ (3.04MB)
[2024-05-22 09:38:06] Fetching org.eclipse.debug.ui_3.18.300.v20240213-1843.jar from https://eclipse.mirror.liteserver.nl/releases/2024-03/202403131000/plugins/
[2024-05-22 09:38:06] Fetching com.google.guava_33.0.0.jre.jar from https://eclipse.mirror.liteserver.nl/releases/2024-03/202403131000/plugins/ (2.91MB)
[2024-05-22 09:38:07] Fetching org.eclipse.jgit_6.9.0.202403050737-r.jar from https://eclipse.mirror.liteserver.nl/releases/2024-03/202403131000/plugins/
[2024-05-22 09:38:07] Fetching com.google.guava_33.0.0.jre.jar from https://eclipse.mirror.liteserver.nl/releases/2024-03/202403131000/plugins/
[2024-05-22 09:38:08] Fetching org.gradle.toolingapi_8.1.1.v20240115-1636.jar from https://eclipse.mirror.liteserver.nl/releases/2024-03/202403131000/plugins/ (2.7MB)
[2024-05-22 09:38:09] Fetching org.eclipse.swt.gtk.linux.x86_64_3.125.0.v20240227-1638.jar from https://eclipse.mirror.liteserver.nl/releases/2024-03/202403131000/plugins/ (2.13MB)
[2024-05-22 09:38:09] Fetching org.eclipse.oomph.setup.doc_1.14.0.v20230618-0610.jar from https://eclipse.mirror.liteserver.nl/releases/2024-03/202403131000/plugins/ (2.5MB)
[2024-05-22 09:38:09] Fetching org.eclipse.ui.ide_3.22.100.v20240227-1633.jar from https://mirror.leitecastro.com/eclipse/releases/2024-03/202403131000/plugins/ (2.32MB)
[2024-05-22 09:38:09] Fetching org.gradle.toolingapi_8.1.1.v20240115-1636.jar from https://eclipse.mirror.liteserver.nl/releases/2024-03/202403131000/plugins/
[2024-05-22 09:38:09] Fetching org.eclipse.ui.intro.universal_3.5.300.v20240122-1701.jar from https://eclipse.mirror.liteserver.nl/releases/2024-03/202403131000/plugins/ (2.1MB)
[2024-05-22 09:38:10] Fetching org.eclipse.swt.gtk.linux.x86_64_3.125.0.v20240227-1638.jar from https://eclipse.mirror.liteserver.nl/releases/2024-03/202403131000/plugins/
[2024-05-22 09:38:10] Fetching org.eclipse.oomph.setup.doc_1.14.0.v20230618-0610.jar from https://eclipse.mirror.liteserver.nl/releases/2024-03/202403131000/plugins/
[2024-05-22 09:38:10] Fetching org.eclipse.ui.ide_3.22.100.v20240227-1633.jar from https://mirror.leitecastro.com/eclipse/releases/2024-03/202403131000/plugins/
[2024-05-22 09:38:10] Fetching org.eclipse.mylyn.tasks.ui_4.2.0.v20240207-0505.jar from https://eclipse.mirror.liteserver.nl/releases/2024-03/202403131000/plugins/ (1.83MB)
[2024-05-22 09:38:11] Fetching org.eclipse.ui.intro.universal_3.5.300.v20240122-1701.jar from https://eclipse.mirror.liteserver.nl/releases/2024-03/202403131000/plugins/
[2024-05-22 09:38:12] Fetching org.eclipse.mylyn.tasks.ui_4.2.0.v20240207-0505.jar from https://eclipse.mirror.liteserver.nl/releases/2024-03/202403131000/plugins/
[2024-05-22 09:38:12] Fetching com.sun.jna_5.14.0.v20231211-1200.jar from https://eclipse.mirror.liteserver.nl/releases/2024-03/202403131000/plugins/ (1.81MB)
[2024-05-22 09:38:12] Fetching org.jcodings_1.0.58.v20230703-0749.jar from https://eclipse.mirror.liteserver.nl/releases/2024-03/202403131000/plugins/ (1.73MB)
[2024-05-22 09:38:13] Fetching com.sun.jna_5.14.0.v20231211-1200.jar from https://eclipse.mirror.liteserver.nl/releases/2024-03/202403131000/plugins/
[2024-05-22 09:38:13] Fetching org.apache.sshd.osgi_2.12.1.jar from https://mirrors.dotsrc.org/eclipse//releases/2024-03/202403131000/plugins/ (1.75MB)
[2024-05-22 09:38:13] Fetching org.apache.lucene.analysis-common_9.10.0.v20240221-0830.jar from https://eclipse.mirror.liteserver.nl/releases/2024-03/202403131000/plugins/ (1.73MB)
[2024-05-22 09:38:13] Fetching org.jcodings_1.0.58.v20230703-0749.jar from https://eclipse.mirror.liteserver.nl/releases/2024-03/202403131000/plugins/
[2024-05-22 09:38:14] Fetching org.eclipse.jdt.debug.ui_3.13.300.v20240207-1034.jar from https://eclipse.mirror.liteserver.nl/releases/2024-03/202403131000/plugins/ (1.67MB)
[2024-05-22 09:38:14] Fetching org.apache.sshd.osgi_2.12.1.jar from https://mirrors.dotsrc.org/eclipse//releases/2024-03/202403131000/plugins/
[2024-05-22 09:38:14] Fetching org.eclipse.osgi_3.19.0.v20240213-1246.jar from https://eclipse.mirror.liteserver.nl/releases/2024-03/202403131000/plugins/ (1.47MB)
[2024-05-22 09:38:14] Fetching org.apache.xerces_2.12.2.v20230928-1306.jar from https://mirror.leitecastro.com/eclipse/releases/2024-03/202403131000/plugins/ (1.49MB)
[2024-05-22 09:38:14] Fetching org.apache.lucene.analysis-common_9.10.0.v20240221-0830.jar from https://eclipse.mirror.liteserver.nl/releases/2024-03/202403131000/plugins/
[2024-05-22 09:38:14] Fetching org.eclipse.team.ui_3.10.300.v20240207-1044.jar from https://eclipse.mirror.liteserver.nl/releases/2024-03/202403131000/plugins/ (1.42MB)
[2024-05-22 09:38:15] Fetching org.eclipse.jdt.debug.ui_3.13.300.v20240207-1034.jar from https://eclipse.mirror.liteserver.nl/releases/2024-03/202403131000/plugins/
[2024-05-22 09:38:15] Fetching org.apache.xerces_2.12.2.v20230928-1306.jar from https://mirror.leitecastro.com/eclipse/releases/2024-03/202403131000/plugins/
[2024-05-22 09:38:15] Fetching org.eclipse.osgi_3.19.0.v20240213-1246.jar from https://eclipse.mirror.liteserver.nl/releases/2024-03/202403131000/plugins/
[2024-05-22 09:38:16] Fetching org.apache.httpcomponents.httpclient_4.5.14.jar from https://eclipse.mirror.liteserver.nl/releases/2024-03/202403131000/plugins/ (1.31MB)
[2024-05-22 09:38:16] Fetching org.eclipse.team.ui_3.10.300.v20240207-1044.jar from https://eclipse.mirror.liteserver.nl/releases/2024-03/202403131000/plugins/
[2024-05-22 09:38:16] Fetching com.sun.jna.platform_5.14.0.jar from https://mirror.leitecastro.com/eclipse/releases/2024-03/202403131000/plugins/ (1.31MB)
[2024-05-22 09:38:16] Fetching org.eclipse.emf.ecore_2.36.0.v20240203-0859.jar from https://eclipse.mirror.liteserver.nl/releases/2024-03/202403131000/plugins/ (1.29MB)
[2024-05-22 09:38:17] Fetching org.apache.httpcomponents.httpclient_4.5.14.jar from https://eclipse.mirror.liteserver.nl/releases/2024-03/202403131000/plugins/
[2024-05-22 09:38:17] Fetching com.sun.jna.platform_5.14.0.jar from https://mirror.leitecastro.com/eclipse/releases/2024-03/202403131000/plugins/
[2024-05-22 09:38:17] Fetching org.eclipse.mylyn.wikitext.help.ui_4.2.0.v20240130-0811.jar from https://eclipse.mirror.liteserver.nl/releases/2024-03/202403131000/plugins/ (1.29MB)
[2024-05-22 09:38:17] Fetching org.eclipse.mylyn.help.ui_4.2.0.v20240130-0811.jar from https://eclipse.mirror.liteserver.nl/releases/2024-03/202403131000/plugins/ (1.22MB)
[2024-05-22 09:38:17] Fetching com.sun.xml.bind_2.3.3.v20221203-1659.jar from https://eclipse.mirror.liteserver.nl/releases/2024-03/202403131000/plugins/ (1.16MB)
[2024-05-22 09:38:18] Fetching org.eclipse.jface_3.33.0.v20240214-1640.jar from https://mirror.leitecastro.com/eclipse/releases/2024-03/202403131000/plugins/ (1.14MB)
[2024-05-22 09:38:18] Fetching bcpkix_1.77.0.jar from https://mirror.leitecastro.com/eclipse/releases/2024-03/202403131000/plugins/ (1.06MB)
[2024-05-22 09:38:18] Fetching org.apache.commons.commons-compress_1.26.0.jar from https://mirror.leitecastro.com/eclipse/releases/2024-03/202403131000/plugins/ (1.03MB)
[2024-05-22 09:38:18] Fetching org.eclipse.ant.ui_3.9.300.v20231214-1526.jar from https://mirrors.dotsrc.org/eclipse//releases/2024-03/202403131000/plugins/ (1.05MB)
[2024-05-22 09:38:18] Fetching org.eclipse.mylyn.wikitext.help.ui_4.2.0.v20240130-0811.jar from https://eclipse.mirror.liteserver.nl/releases/2024-03/202403131000/plugins/
[2024-05-22 09:38:18] Fetching org.eclipse.jface.text_3.25.0.v20240207-1054.jar from https://eclipse.mirror.liteserver.nl/releases/2024-03/202403131000/plugins/ (1MB)
[2024-05-22 09:38:18] Fetching org.eclipse.mylyn.help.ui_4.2.0.v20240130-0811.jar from https://eclipse.mirror.liteserver.nl/releases/2024-03/202403131000/plugins/
[2024-05-22 09:38:18] Fetching com.sun.xml.bind_2.3.3.v20221203-1659.jar from https://eclipse.mirror.liteserver.nl/releases/2024-03/202403131000/plugins/
[2024-05-22 09:38:19] Fetching org.eclipse.jface_3.33.0.v20240214-1640.jar from https://mirror.leitecastro.com/eclipse/releases/2024-03/202403131000/plugins/
[2024-05-22 09:38:19] Fetching bcpkix_1.77.0.jar from https://mirror.leitecastro.com/eclipse/releases/2024-03/202403131000/plugins/
[2024-05-22 09:38:19] Fetching org.apache.commons.commons-compress_1.26.0.jar from https://mirror.leitecastro.com/eclipse/releases/2024-03/202403131000/plugins/
[2024-05-22 09:38:19] Fetching org.mortbay.jasper.apache-jsp_9.0.83.jar from https://eclipse.mirror.liteserver.nl/releases/2024-03/202403131000/plugins/ (1MB)
